Adams 0.0313994903357525 0.54
Alexander 0.016508861374119933 0.66
Bond 0.029153534443944168 0.767
Boone 0.036056494045970645 0.904
Brown 0.01686608043822978 0.585
Bureau 0.02710275030018869 0.813
Calhoun 0.012576144625663196 0.639
Carroll 0.028400597907324365 0.786
Cass 0.034305820260958804 0.628
Champaign 0.031778238620257505 0.853
Christian 0.024310344827586206 0.7929999999999999
Clark 0.019222528313437404 0.677
Clay 0.023452768729641693 0.6779999999999999
Clinton 0.048408452942111116 0.753
Coles 0.03768121322369276 0.632
Cook 0.034864163783104814 0.884
Crawford 0.033456123530302265 0.611
Cumberland 0.027878349022447502 0.636
De Witt 0.016605277459090635 0.787
DeKalb 0.02423925446937999 0.9470000000000001
Douglas 0.03668668668668669 0.7849999999999999
DuPage 0.025934537649794313 0.923
Edgar 0.008559431524547804 0.606
Edwards 0.016961761642612705 0.534
Effingham 0.03580398341218387 0.642
Fayette 0.03157181571815718 0.699
Ford 0.014771678147858817 0.7389999999999999
Franklin 0.02611157453047193 0.616
Fulton 0.015026032533923225 0.643
Gallatin 0.019681517266058327 0.611
Greene 0.02153247875558116 0.725
Grundy 0.02035435351457164 0.782
Hamilton 0.01596310748492373 0.583
Hancock 0.016802763819095477 0.574
Hardin 0.012962962962962963 0.531
Henderson 0.017869322057018144 0.759
Henry 0.01709384779938993 0.8
Iroquois 0.017329564573659063 0.6659999999999999
Jackson 0.02630442724766681 0.705
Jasper 0.02804702000412456 0.634
Jefferson 0.023694851520848895 0.672
Jersey 0.020926691320426367 0.722
Jo Daviess 0.023635241202927947 0.643
Johnson 0.02988396121443332 0.637
Kane 0.033809524733682796 0.913
Kankakee 0.030894939576373525 0.776
Kendall 0.024377701854692513 0.924
Knox 0.02573744779757743 0.74
LaSalle 0.02241845440820196 0.8230000000000001
Lake 0.030382593516067678 0.915
Lawrence 0.020851898057387276 0.541
Lee 0.0213427326468874 0.874
Livingston 0.017766367137355583 0.744
Logan 0.020260683055601386 0.679
Macon 0.029864220713563483 0.835
Macoupin 0.017355804459332148 0.788
Madison 0.027632741883972935 0.837
Marion 0.02794330197530238 0.706
Marshall 0.013132911392405064 0.736
Mason 0.021614618846311197 0.439
Massac 0.010240456283621751 0.629
McDonough 0.024193548387096774 0.772
McHenry 0.022123979790128256 0.8919999999999999
McLean 0.025363857240582172 0.762
Menard 0.01479732388823298 0.712
Mercer 0.017463794572228308 0.7859999999999999
Monroe 0.02946263312801529 0.8440000000000001
Montgomery 0.021392505979271857 0.841
Morgan 0.027822319745688807 0.7110000000000001
Moultrie 0.029839687457901116 0.633
Ogle 0.02402003850683216 0.7729999999999999
Peoria 0.02555578195545165 0.828
Perry 0.02080536912751678 0.75
Piatt 0.015840755574152668 0.8859999999999999
Pike 0.02361533779671333 0.565
Pope 0.009395973154362415 0.629
Pulaski 0.03976627170913813 0.63
Putnam 0.016317016317016316 0.786
Randolph 0.039252001433863065 0.843
Richland 0.021068194418776567 0.631
Rock Island 0.029123120924999663 0.831
Saline 0.023923252920162164 0.666
Sangamon 0.021512673131947435 0.7969999999999999
Schuyler 0.012327677624602334 0.615
Scott 0.02035480859010271 0.682
Shelby 0.031972454500737824 0.714
St. Clair 0.033615250170335044 0.905
Stark 0.015348682015348681 0.8270000000000001
Stephenson 0.022531491689547482 0.866
Tazewell 0.020746857320117582 0.775
Union 0.04486747529200359 0.661
Vermilion 0.02217457886676876 0.77
Wabash 0.02017242822465891 0.537
Warren 0.029875190602586546 0.798
Washington 0.02222071215004077 0.783
Wayne 0.030369928400954652 0.645
White 0.018683941356972385 0.571
Whiteside 0.02815480871140894 0.867
Will 0.028249896688116182 0.873
Williamson 0.029205660292056602 0.647
Winnebago 0.03624867069015735 0.8500000000000001
Woodford 0.0180788330229671 0.759
